This file contains any messages produced by compilers while
running configure, to aid debugging if configure makes a mistake.

It was created by topmodlibs configure 2.0.0, which was
generated by GNU Autoconf 2.59.  Invocation command line was

  $ ./configure 

## --------- ##
## Platform. ##
## --------- ##

hostname = dvmorris.local
uname -m = i386
uname -r = 8.8.1
uname -s = Darwin
uname -v = Darwin Kernel Version 8.8.1: Mon Sep 25 19:42:00 PDT 2006; root:xnu-792.13.8.obj~1/RELEASE_I386

/usr/bin/uname -p = i386
/bin/uname -X     = unknown

/bin/arch              = unknown
/usr/bin/arch -k       = unknown
/usr/convex/getsysinfo = unknown
hostinfo               = Mach kernel version:
	 Darwin Kernel Version 8.8.1: Mon Sep 25 19:42:00 PDT 2006; root:xnu-792.13.8.obj~1/RELEASE_I386
Kernel configured for up to 2 processors.
2 processors are physically available.
2 processors are logically available.
Processor type: i486 (Intel 80486)
Processors active: 0 1
Primary memory available: 2.00 gigabytes
Default processor set: 71 tasks, 219 threads, 2 processors
Load average: 0.82, Mach factor: 1.16
/bin/machine           = unknown
/usr/bin/oslevel       = unknown
/bin/universe          = unknown

PATH: /usr/local/Trolltech/Qt-4.1.0/bin
PATH: /usr/lib
PATH: /opt/local/include
PATH: /opt/local
PATH: /usr/X11R6/bin
PATH: /usr/local/bin
PATH: /usr/local/sbin
PATH: /usr/local/lib
PATH: /usr/local/mysql/bin
PATH: /bin
PATH: /sbin
PATH: /usr/bin
PATH: /usr/sbin
PATH: /opt/local/bin
PATH: /opt/local/sbin


## ----------- ##
## Core tests. ##
## ----------- ##

configure:1557: checking for a BSD-compatible install
configure:1612: result: /usr/bin/install -c
configure:1623: checking whether build environment is sane
configure:1666: result: yes
configure:1699: checking for gawk
configure:1715: found /opt/local/bin/gawk
configure:1725: result: gawk
configure:1735: checking whether make sets $(MAKE)
configure:1755: result: yes
configure:1953: checking for g++
configure:1969: found /usr/bin/g++
configure:1979: result: g++
configure:1995: checking for C++ compiler version
configure:1998: g++ --version </dev/null >&5
i686-apple-darwin8-g++-4.0.1 (GCC) 4.0.1 (Apple Computer, Inc. build 5363)
Copyright (C) 2005 Free Software Foundation, Inc.
This is free software; see the source for copying conditions.  There is NO
warranty; not even for MERCHANTABILITY or FITNESS FOR A PARTICULAR PURPOSE.

configure:2001: $? = 0
configure:2003: g++ -v </dev/null >&5
Using built-in specs.
Target: i686-apple-darwin8
Configured with: /private/var/tmp/gcc/gcc-5363.obj~28/src/configure --disable-checking -enable-werror --prefix=/usr --mandir=/share/man --enable-languages=c,objc,c++,obj-c++ --program-transform-name=/^[cg][^.-]*$/s/$/-4.0/ --with-gxx-include-dir=/include/c++/4.0.0 --with-slibdir=/usr/lib --build=powerpc-apple-darwin8 --with-arch=nocona --with-tune=generic --program-prefix= --host=i686-apple-darwin8 --target=i686-apple-darwin8
Thread model: posix
gcc version 4.0.1 (Apple Computer, Inc. build 5363)
configure:2006: $? = 0
configure:2008: g++ -V </dev/null >&5
g++: argument to `-V' is missing
configure:2011: $? = 1
configure:2034: checking for C++ compiler default output file name
configure:2037: g++    conftest.cc  >&5
configure:2040: $? = 0
configure:2086: result: a.out
configure:2091: checking whether the C++ compiler works
configure:2097: ./a.out
configure:2100: $? = 0
configure:2117: result: yes
configure:2124: checking whether we are cross compiling
configure:2126: result: no
configure:2129: checking for suffix of executables
configure:2131: g++ -o conftest    conftest.cc  >&5
configure:2134: $? = 0
configure:2159: result: 
configure:2165: checking for suffix of object files
configure:2186: g++ -c   conftest.cc >&5
configure:2189: $? = 0
configure:2211: result: o
configure:2215: checking whether we are using the GNU C++ compiler
configure:2239: g++ -c   conftest.cc >&5
configure:2245: $? = 0
configure:2249: test -z 
			 || test ! -s conftest.err
configure:2252: $? = 0
configure:2255: test -s conftest.o
configure:2258: $? = 0
configure:2271: result: yes
configure:2277: checking whether g++ accepts -g
configure:2298: g++ -c -g  conftest.cc >&5
configure:2304: $? = 0
configure:2308: test -z 
			 || test ! -s conftest.err
configure:2311: $? = 0
configure:2314: test -s conftest.o
configure:2317: $? = 0
configure:2328: result: yes
configure:2370: g++ -c -g -O2  conftest.cc >&5
configure:2376: $? = 0
configure:2380: test -z 
			 || test ! -s conftest.err
configure:2383: $? = 0
configure:2386: test -s conftest.o
configure:2389: $? = 0
configure:2415: g++ -c -g -O2  conftest.cc >&5
conftest.cc: In function 'int main()':
conftest.cc:15: error: 'exit' was not declared in this scope
configure:2421: $? = 1
configure: failed program was:
| /* confdefs.h.  */
| 
| #define PACKAGE_NAME "topmodlibs"
| #define PACKAGE_TARNAME "topmodlibs"
| #define PACKAGE_VERSION "2.0.0"
| #define PACKAGE_STRING "topmodlibs 2.0.0"
| #define PACKAGE_BUGREPORT "topmod@googlegroups.com"
| #define PACKAGE "topmodlibs"
| #define VERSION "2.0.0"
| /* end confdefs.h.  */
| 
| int
| main ()
| {
| exit (42);
|   ;
|   return 0;
| }
configure:2370: g++ -c -g -O2  conftest.cc >&5
/usr/include/stdlib.h:158: error: declaration of 'void std::exit(int)' throws different exceptions
conftest.cc:11: error: than previous declaration 'void std::exit(int) throw ()'
configure:2376: $? = 1
configure: failed program was:
| /* confdefs.h.  */
| 
| #define PACKAGE_NAME "topmodlibs"
| #define PACKAGE_TARNAME "topmodlibs"
| #define PACKAGE_VERSION "2.0.0"
| #define PACKAGE_STRING "topmodlibs 2.0.0"
| #define PACKAGE_BUGREPORT "topmod@googlegroups.com"
| #define PACKAGE "topmodlibs"
| #define VERSION "2.0.0"
| /* end confdefs.h.  */
| extern "C" void std::exit (int) throw (); using std::exit;
| #include <stdlib.h>
| int
| main ()
| {
| exit (42);
|   ;
|   return 0;
| }
configure:2370: g++ -c -g -O2  conftest.cc >&5
configure:2376: $? = 0
configure:2380: test -z 
			 || test ! -s conftest.err
configure:2383: $? = 0
configure:2386: test -s conftest.o
configure:2389: $? = 0
configure:2415: g++ -c -g -O2  conftest.cc >&5
configure:2421: $? = 0
configure:2425: test -z 
			 || test ! -s conftest.err
configure:2428: $? = 0
configure:2431: test -s conftest.o
configure:2434: $? = 0
configure:2476: checking for style of include used by make
configure:2504: result: GNU
configure:2532: checking dependency style of g++
configure:2594: result: gcc3
configure:2604: checking how to run the C++ preprocessor
configure:2635: g++ -E  conftest.cc
configure:2641: $? = 0
configure:2673: g++ -E  conftest.cc
conftest.cc:14:28: error: ac_nonexistent.h: No such file or directory
configure:2679: $? = 1
configure: failed program was:
| /* confdefs.h.  */
| 
| #define PACKAGE_NAME "topmodlibs"
| #define PACKAGE_TARNAME "topmodlibs"
| #define PACKAGE_VERSION "2.0.0"
| #define PACKAGE_STRING "topmodlibs 2.0.0"
| #define PACKAGE_BUGREPORT "topmod@googlegroups.com"
| #define PACKAGE "topmodlibs"
| #define VERSION "2.0.0"
| #ifdef __cplusplus
| extern "C" void std::exit (int); using std::exit;
| #endif
| /* end confdefs.h.  */
| #include <ac_nonexistent.h>
configure:2718: result: g++ -E
configure:2742: g++ -E  conftest.cc
configure:2748: $? = 0
configure:2780: g++ -E  conftest.cc
conftest.cc:14:28: error: ac_nonexistent.h: No such file or directory
configure:2786: $? = 1
configure: failed program was:
| /* confdefs.h.  */
| 
| #define PACKAGE_NAME "topmodlibs"
| #define PACKAGE_TARNAME "topmodlibs"
| #define PACKAGE_VERSION "2.0.0"
| #define PACKAGE_STRING "topmodlibs 2.0.0"
| #define PACKAGE_BUGREPORT "topmod@googlegroups.com"
| #define PACKAGE "topmodlibs"
| #define VERSION "2.0.0"
| #ifdef __cplusplus
| extern "C" void std::exit (int); using std::exit;
| #endif
| /* end confdefs.h.  */
| #include <ac_nonexistent.h>
configure:2829: checking whether make sets $(MAKE)
configure:2849: result: yes
configure:2936: checking build system type
configure:2954: result: i386-apple-darwin8.8.1
configure:2962: checking host system type
configure:2976: result: i386-apple-darwin8.8.1
configure:3030: checking for gcc
configure:3046: found /usr/bin/gcc
configure:3056: result: gcc
configure:3300: checking for C compiler version
configure:3303: gcc --version </dev/null >&5
i686-apple-darwin8-gcc-4.0.1 (GCC) 4.0.1 (Apple Computer, Inc. build 5363)
Copyright (C) 2005 Free Software Foundation, Inc.
This is free software; see the source for copying conditions.  There is NO
warranty; not even for MERCHANTABILITY or FITNESS FOR A PARTICULAR PURPOSE.

configure:3306: $? = 0
configure:3308: gcc -v </dev/null >&5
Using built-in specs.
Target: i686-apple-darwin8
Configured with: /private/var/tmp/gcc/gcc-5363.obj~28/src/configure --disable-checking -enable-werror --prefix=/usr --mandir=/share/man --enable-languages=c,objc,c++,obj-c++ --program-transform-name=/^[cg][^.-]*$/s/$/-4.0/ --with-gxx-include-dir=/include/c++/4.0.0 --with-slibdir=/usr/lib --build=powerpc-apple-darwin8 --with-arch=nocona --with-tune=generic --program-prefix= --host=i686-apple-darwin8 --target=i686-apple-darwin8
Thread model: posix
gcc version 4.0.1 (Apple Computer, Inc. build 5363)
configure:3311: $? = 0
configure:3313: gcc -V </dev/null >&5
gcc: argument to `-V' is missing
configure:3316: $? = 1
configure:3319: checking whether we are using the GNU C compiler
configure:3343: gcc -c   conftest.c >&5
configure:3349: $? = 0
configure:3353: test -z 
			 || test ! -s conftest.err
configure:3356: $? = 0
configure:3359: test -s conftest.o
configure:3362: $? = 0
configure:3375: result: yes
configure:3381: checking whether gcc accepts -g
configure:3402: gcc -c -g  conftest.c >&5
configure:3408: $? = 0
configure:3412: test -z 
			 || test ! -s conftest.err
configure:3415: $? = 0
configure:3418: test -s conftest.o
configure:3421: $? = 0
configure:3432: result: yes
configure:3449: checking for gcc option to accept ANSI C
configure:3519: gcc  -c -g -O2  conftest.c >&5
configure:3525: $? = 0
configure:3529: test -z 
			 || test ! -s conftest.err
configure:3532: $? = 0
configure:3535: test -s conftest.o
configure:3538: $? = 0
configure:3556: result: none needed
configure:3574: gcc -c -g -O2  conftest.c >&5
conftest.c:2: error: parse error before 'me'
configure:3580: $? = 1
configure: failed program was:
| #ifndef __cplusplus
|   choke me
| #endif
configure:3715: checking dependency style of gcc
configure:3777: result: gcc3
configure:3782: checking for a sed that does not truncate output
configure:3836: result: /usr/bin/sed
configure:3839: checking for egrep
configure:3849: result: grep -E
configure:3865: checking for ld used by gcc
configure:3932: result: /usr/bin/ld
configure:3941: checking if the linker (/usr/bin/ld) is GNU ld
configure:3956: result: no
configure:3961: checking for /usr/bin/ld option to reload object files
configure:3968: result: -r
configure:3977: checking for BSD-compatible nm
configure:4019: result: /usr/bin/nm -p
configure:4023: checking whether ln -s works
configure:4027: result: yes
configure:4034: checking how to recognise dependent libraries
configure:4234: result: pass_all
configure:4448: checking how to run the C preprocessor
configure:4483: gcc -E  conftest.c
configure:4489: $? = 0
configure:4521: gcc -E  conftest.c
conftest.c:14:28: error: ac_nonexistent.h: No such file or directory
configure:4527: $? = 1
configure: failed program was:
| /* confdefs.h.  */
| 
| #define PACKAGE_NAME "topmodlibs"
| #define PACKAGE_TARNAME "topmodlibs"
| #define PACKAGE_VERSION "2.0.0"
| #define PACKAGE_STRING "topmodlibs 2.0.0"
| #define PACKAGE_BUGREPORT "topmod@googlegroups.com"
| #define PACKAGE "topmodlibs"
| #define VERSION "2.0.0"
| #ifdef __cplusplus
| extern "C" void std::exit (int); using std::exit;
| #endif
| /* end confdefs.h.  */
| #include <ac_nonexistent.h>
configure:4566: result: gcc -E
configure:4590: gcc -E  conftest.c
configure:4596: $? = 0
configure:4628: gcc -E  conftest.c
conftest.c:14:28: error: ac_nonexistent.h: No such file or directory
configure:4634: $? = 1
configure: failed program was:
| /* confdefs.h.  */
| 
| #define PACKAGE_NAME "topmodlibs"
| #define PACKAGE_TARNAME "topmodlibs"
| #define PACKAGE_VERSION "2.0.0"
| #define PACKAGE_STRING "topmodlibs 2.0.0"
| #define PACKAGE_BUGREPORT "topmod@googlegroups.com"
| #define PACKAGE "topmodlibs"
| #define VERSION "2.0.0"
| #ifdef __cplusplus
| extern "C" void std::exit (int); using std::exit;
| #endif
| /* end confdefs.h.  */
| #include <ac_nonexistent.h>
configure:4678: checking for ANSI C header files
configure:4703: gcc -c -g -O2  conftest.c >&5
configure:4709: $? = 0
configure:4713: test -z 
			 || test ! -s conftest.err
configure:4716: $? = 0
configure:4719: test -s conftest.o
configure:4722: $? = 0
configure:4808: gcc -o conftest -g -O2   conftest.c  >&5
conftest.c: In function 'main':
conftest.c:31: warning: incompatible implicit declaration of built-in function 'exit'
configure:4811: $? = 0
configure:4813: ./conftest
configure:4816: $? = 0
configure:4831: result: yes
configure:4855: checking for sys/types.h
configure:4871: gcc -c -g -O2  conftest.c >&5
configure:4877: $? = 0
configure:4881: test -z 
			 || test ! -s conftest.err
configure:4884: $? = 0
configure:4887: test -s conftest.o
configure:4890: $? = 0
configure:4901: result: yes
configure:4855: checking for sys/stat.h
configure:4871: gcc -c -g -O2  conftest.c >&5
configure:4877: $? = 0
configure:4881: test -z 
			 || test ! -s conftest.err
configure:4884: $? = 0
configure:4887: test -s conftest.o
configure:4890: $? = 0
configure:4901: result: yes
configure:4855: checking for stdlib.h
configure:4871: gcc -c -g -O2  conftest.c >&5
configure:4877: $? = 0
configure:4881: test -z 
			 || test ! -s conftest.err
configure:4884: $? = 0
configure:4887: test -s conftest.o
configure:4890: $? = 0
configure:4901: result: yes
configure:4855: checking for string.h
configure:4871: gcc -c -g -O2  conftest.c >&5
configure:4877: $? = 0
configure:4881: test -z 
			 || test ! -s conftest.err
configure:4884: $? = 0
configure:4887: test -s conftest.o
configure:4890: $? = 0
configure:4901: result: yes
configure:4855: checking for memory.h
configure:4871: gcc -c -g -O2  conftest.c >&5
configure:4877: $? = 0
configure:4881: test -z 
			 || test ! -s conftest.err
configure:4884: $? = 0
configure:4887: test -s conftest.o
configure:4890: $? = 0
configure:4901: result: yes
configure:4855: checking for strings.h
configure:4871: gcc -c -g -O2  conftest.c >&5
configure:4877: $? = 0
configure:4881: test -z 
			 || test ! -s conftest.err
configure:4884: $? = 0
configure:4887: test -s conftest.o
configure:4890: $? = 0
configure:4901: result: yes
configure:4855: checking for inttypes.h
configure:4871: gcc -c -g -O2  conftest.c >&5
configure:4877: $? = 0
configure:4881: test -z 
			 || test ! -s conftest.err
configure:4884: $? = 0
configure:4887: test -s conftest.o
configure:4890: $? = 0
configure:4901: result: yes
configure:4855: checking for stdint.h
configure:4871: gcc -c -g -O2  conftest.c >&5
configure:4877: $? = 0
configure:4881: test -z 
			 || test ! -s conftest.err
configure:4884: $? = 0
configure:4887: test -s conftest.o
configure:4890: $? = 0
configure:4901: result: yes
configure:4855: checking for unistd.h
configure:4871: gcc -c -g -O2  conftest.c >&5
configure:4877: $? = 0
configure:4881: test -z 
			 || test ! -s conftest.err
configure:4884: $? = 0
configure:4887: test -s conftest.o
configure:4890: $? = 0
configure:4901: result: yes
configure:4927: checking dlfcn.h usability
configure:4939: gcc -c -g -O2  conftest.c >&5
configure:4945: $? = 0
configure:4949: test -z 
			 || test ! -s conftest.err
configure:4952: $? = 0
configure:4955: test -s conftest.o
configure:4958: $? = 0
configure:4968: result: yes
configure:4972: checking dlfcn.h presence
configure:4982: gcc -E  conftest.c
configure:4988: $? = 0
configure:5008: result: yes
configure:5043: checking for dlfcn.h
configure:5050: result: yes
configure:5115: checking for g77
configure:5144: result: no
configure:5115: checking for f77
configure:5144: result: no
configure:5115: checking for xlf
configure:5144: result: no
configure:5115: checking for frt
configure:5144: result: no
configure:5115: checking for pgf77
configure:5144: result: no
configure:5115: checking for fort77
configure:5144: result: no
configure:5115: checking for fl32
configure:5144: result: no
configure:5115: checking for af77
configure:5144: result: no
configure:5115: checking for f90
configure:5144: result: no
configure:5115: checking for xlf90
configure:5144: result: no
configure:5115: checking for pgf90
configure:5144: result: no
configure:5115: checking for epcf90
configure:5144: result: no
configure:5115: checking for f95
configure:5144: result: no
configure:5115: checking for fort
configure:5144: result: no
configure:5115: checking for xlf95
configure:5144: result: no
configure:5115: checking for ifc
configure:5144: result: no
configure:5115: checking for efc
configure:5144: result: no
configure:5115: checking for pgf95
configure:5144: result: no
configure:5115: checking for lf95
configure:5144: result: no
configure:5115: checking for gfortran
configure:5144: result: no
configure:5159: checking for Fortran 77 compiler version
configure:5159:  --version </dev/null >&5
./configure: line 1: --version: command not found
configure:5162: $? = 127
configure:5164:  -v </dev/null >&5
./configure: line 1: -v: command not found
configure:5167: $? = 127
configure:5169:  -V </dev/null >&5
./configure: line 1: -V: command not found
configure:5172: $? = 127
configure:5180: checking whether we are using the GNU Fortran 77 compiler
configure:5194:  -c  conftest.F >&5
./configure: line 1: -c: command not found
configure:5200: $? = 127
configure: failed program was:
|       program main
| #ifndef __GNUC__
|        choke me
| #endif
| 
|       end
configure:5226: result: no
configure:5232: checking whether  accepts -g
configure:5244:  -c -g conftest.f >&5
./configure: line 1: -c: command not found
configure:5250: $? = 127
configure: failed program was:
|       program main
| 
|       end
configure:5275: result: no
configure:5305: checking the maximum length of command line arguments
configure:5364: result: 65536
configure:5375: checking command to parse /usr/bin/nm -p output from gcc object
configure:5464: gcc -c -g -O2  conftest.c >&5
configure:5467: $? = 0
configure:5471: /usr/bin/nm -p conftest.o \| sed -n -e 's/^.*[ 	]\([BCDEGRST][BCDEGRST]*\)[ 	][ 	]*\(\)\([_A-Za-z][_A-Za-z0-9]*\)$/\1 \2\3 \3/p' \> conftest.nm
configure:5474: $? = 0
cannot find nm_test_var in conftest.nm
configure:5464: gcc -c -g -O2  conftest.c >&5
configure:5467: $? = 0
configure:5471: /usr/bin/nm -p conftest.o \| sed -n -e 's/^.*[ 	]\([BCDEGRST][BCDEGRST]*\)[ 	][ 	]*\(_\)\([_A-Za-z][_A-Za-z0-9]*\)$/\1 \2\3 \3/p' \> conftest.nm
configure:5474: $? = 0
configure:5526: gcc -o conftest -g -O2   conftest.c conftstm.o >&5
configure:5529: $? = 0
configure:5567: result: ok
configure:5571: checking for objdir
configure:5586: result: .libs
configure:5679: checking for ar
configure:5695: found /usr/bin/ar
configure:5706: result: ar
configure:5759: checking for ranlib
configure:5775: found /usr/bin/ranlib
configure:5786: result: ranlib
configure:5839: checking for strip
configure:5855: found /usr/bin/strip
configure:5866: result: strip
configure:6128: checking if gcc static flag  works
configure:6151: result: yes
configure:6168: checking if gcc supports -fno-rtti -fno-exceptions
configure:6189: gcc -c -g -O2  -fno-rtti -fno-exceptions conftest.c >&5
cc1: warning: command line option "-fno-rtti" is valid for C++/ObjC++ but not for C
configure:6193: $? = 0
configure:6201: result: no
configure:6216: checking for gcc option to produce PIC
configure:6393: result: -fno-common
configure:6400: checking if gcc PIC flag -fno-common works
configure:6421: gcc -c -g -O2  -fno-common -DPIC conftest.c >&5
configure:6425: $? = 0
configure:6433: result: yes
configure:6457: checking if gcc supports -c -o file.o
configure:6488: gcc -c -g -O2  -o out/conftest2.o conftest.c >&5
configure:6492: $? = 0
configure:6506: result: yes
configure:6532: checking whether the gcc linker (/usr/bin/ld) supports shared libraries
configure:7360: result: yes
configure:7431: checking how to hardcode library paths into programs
configure:7456: result: immediate
configure:7470: checking whether stripping libraries is possible
configure:7491: result: no
configure:7497: checking dynamic linker characteristics
configure:8008: result: darwin8.8.1 dyld
configure:8820: checking if libtool supports shared libraries
configure:8822: result: yes
configure:8825: checking whether to build shared libraries
configure:8888: result: yes
configure:8891: checking whether to build static libraries
configure:8895: result: yes
configure:18824: checking for a BSD-compatible install
configure:18879: result: /usr/bin/install -c
configure:18893: checking for fltk-config
configure:18909: found /usr/local/bin/fltk-config
configure:18920: result: yes
configure:18929: checking for ANSI C header files
configure:19082: result: yes
configure:19229: creating ./config.status

## ---------------------- ##
## Running config.status. ##
## ---------------------- ##

This file was extended by topmodlibs config.status 2.0.0, which was
generated by GNU Autoconf 2.59.  Invocation command line was

  CONFIG_FILES    = 
  CONFIG_HEADERS  = 
  CONFIG_LINKS    = 
  CONFIG_COMMANDS = 
  $ ./config.status 

on dvmorris.local

config.status:700: creating Makefile
config.status:700: creating vecmat/Makefile
config.status:700: creating arcball/Makefile
config.status:883: executing depfiles commands

## ---------------- ##
## Cache variables. ##
## ---------------- ##

ac_cv_build=i386-apple-darwin8.8.1
ac_cv_build_alias=i386-apple-darwin8.8.1
ac_cv_c_compiler_gnu=yes
ac_cv_cxx_compiler_gnu=yes
ac_cv_env_CC_set=
ac_cv_env_CC_value=
ac_cv_env_CFLAGS_set=
ac_cv_env_CFLAGS_value=
ac_cv_env_CPPFLAGS_set=
ac_cv_env_CPPFLAGS_value=
ac_cv_env_CPP_set=
ac_cv_env_CPP_value=
ac_cv_env_CXXCPP_set=
ac_cv_env_CXXCPP_value=
ac_cv_env_CXXFLAGS_set=
ac_cv_env_CXXFLAGS_value=
ac_cv_env_CXX_set=
ac_cv_env_CXX_value=
ac_cv_env_F77_set=
ac_cv_env_F77_value=
ac_cv_env_FFLAGS_set=
ac_cv_env_FFLAGS_value=
ac_cv_env_LDFLAGS_set=
ac_cv_env_LDFLAGS_value=
ac_cv_env_build_alias_set=
ac_cv_env_build_alias_value=
ac_cv_env_host_alias_set=
ac_cv_env_host_alias_value=
ac_cv_env_target_alias_set=
ac_cv_env_target_alias_value=
ac_cv_exeext=
ac_cv_f77_compiler_gnu=no
ac_cv_header_dlfcn_h=yes
ac_cv_header_inttypes_h=yes
ac_cv_header_memory_h=yes
ac_cv_header_stdc=yes
ac_cv_header_stdint_h=yes
ac_cv_header_stdlib_h=yes
ac_cv_header_string_h=yes
ac_cv_header_strings_h=yes
ac_cv_header_sys_stat_h=yes
ac_cv_header_sys_types_h=yes
ac_cv_header_unistd_h=yes
ac_cv_host=i386-apple-darwin8.8.1
ac_cv_host_alias=i386-apple-darwin8.8.1
ac_cv_objext=o
ac_cv_path_install='/usr/bin/install -c'
ac_cv_prog_AWK=gawk
ac_cv_prog_CPP='gcc -E'
ac_cv_prog_CXXCPP='g++ -E'
ac_cv_prog_HAVE_FLTK=yes
ac_cv_prog_ac_ct_AR=ar
ac_cv_prog_ac_ct_CC=gcc
ac_cv_prog_ac_ct_CXX=g++
ac_cv_prog_ac_ct_RANLIB=ranlib
ac_cv_prog_ac_ct_STRIP=strip
ac_cv_prog_cc_g=yes
ac_cv_prog_cc_stdc=
ac_cv_prog_cxx_g=yes
ac_cv_prog_egrep='grep -E'
ac_cv_prog_f77_g=no
ac_cv_prog_make_make_set=yes
am_cv_CC_dependencies_compiler_type=gcc3
am_cv_CXX_dependencies_compiler_type=gcc3
lt_cv_deplibs_check_method=pass_all
lt_cv_file_magic_cmd='/usr/bin/file -L'
lt_cv_file_magic_test_file=/usr/lib/libSystem.dylib
lt_cv_ld_reload_flag=-r
lt_cv_objdir=.libs
lt_cv_path_LD=/usr/bin/ld
lt_cv_path_NM='/usr/bin/nm -p'
lt_cv_path_SED=/usr/bin/sed
lt_cv_prog_compiler_c_o=yes
lt_cv_prog_compiler_rtti_exceptions=no
lt_cv_prog_gnu_ld=no
lt_cv_sys_global_symbol_pipe='sed -n -e '\''s/^.*[ 	]\([BCDEGRST][BCDEGRST]*\)[ 	][ 	]*\(_\)\([_A-Za-z][_A-Za-z0-9]*\)$/\1 \2\3 \3/p'\'''
lt_cv_sys_global_symbol_to_c_name_address='sed -n -e '\''s/^: \([^ ]*\) $/  {\"\1\", (lt_ptr) 0},/p'\'' -e '\''s/^[BCDEGRST] \([^ ]*\) \([^ ]*\)$/  {"\2", (lt_ptr) \&\2},/p'\'''
lt_cv_sys_global_symbol_to_cdecl='sed -n -e '\''s/^. .* \(.*\)$/extern int \1;/p'\'''
lt_cv_sys_max_cmd_len=65536

## ----------------- ##
## Output variables. ##
## ----------------- ##

ACLOCAL='${SHELL} /Users/dvmorris/topmod/trunk/include/config/missing --run aclocal-1.6'
AMDEPBACKSLASH='\'
AMDEP_FALSE='#'
AMDEP_TRUE=''
AMTAR='${SHELL} /Users/dvmorris/topmod/trunk/include/config/missing --run tar'
AR='ar'
AUTOCONF='${SHELL} /Users/dvmorris/topmod/trunk/include/config/missing --run autoconf'
AUTOHEADER='${SHELL} /Users/dvmorris/topmod/trunk/include/config/missing --run autoheader'
AUTOMAKE='${SHELL} /Users/dvmorris/topmod/trunk/include/config/missing --run automake-1.6'
AWK='gawk'
CC='gcc'
CCDEPMODE='depmode=gcc3'
CFLAGS='-g -O2'
CPP='gcc -E'
CPPFLAGS=''
CXX='g++'
CXXCPP='g++ -E'
CXXDEPMODE='depmode=gcc3'
CXXFLAGS='-g -O2'
DEFS='-DPACKAGE_NAME=\"topmodlibs\" -DPACKAGE_TARNAME=\"topmodlibs\" -DPACKAGE_VERSION=\"2.0.0\" -DPACKAGE_STRING=\"topmodlibs\ 2.0.0\" -DPACKAGE_BUGREPORT=\"topmod@googlegroups.com\" -DPACKAGE=\"topmodlibs\" -DVERSION=\"2.0.0\" -DSTDC_HEADERS=1 -DHAVE_SYS_TYPES_H=1 -DHAVE_SYS_STAT_H=1 -DHAVE_STDLIB_H=1 -DHAVE_STRING_H=1 -DHAVE_MEMORY_H=1 -DHAVE_STRINGS_H=1 -DHAVE_INTTYPES_H=1 -DHAVE_STDINT_H=1 -DHAVE_UNISTD_H=1 -DHAVE_DLFCN_H=1 -DSTDC_HEADERS=1 '
DEPDIR='.deps'
ECHO='echo'
ECHO_C=''
ECHO_N='-n'
ECHO_T=''
EGREP='grep -E'
EXEEXT=''
F77=''
FFLAGS=''
HAVE_FLTK='yes'
INSTALL_DATA='${INSTALL} -m 644'
INSTALL_PROGRAM='${INSTALL}'
INSTALL_SCRIPT='${INSTALL}'
INSTALL_STRIP_PROGRAM='${SHELL} $(install_sh) -c -s'
LDFLAGS=''
LIBOBJS=''
LIBS=''
LIBTOOL='$(SHELL) $(top_builddir)/libtool'
LN_S='ln -s'
LTLIBOBJS=''
MAKEINFO='${SHELL} /Users/dvmorris/topmod/trunk/include/config/missing --run makeinfo'
OBJEXT='o'
PACKAGE='topmodlibs'
PACKAGE_BUGREPORT='topmod@googlegroups.com'
PACKAGE_NAME='topmodlibs'
PACKAGE_STRING='topmodlibs 2.0.0'
PACKAGE_TARNAME='topmodlibs'
PACKAGE_VERSION='2.0.0'
PATH_SEPARATOR=':'
RANLIB='ranlib'
SET_MAKE=''
SHELL='/bin/sh'
STRIP='strip'
VERSION='2.0.0'
ac_ct_AR='ar'
ac_ct_CC='gcc'
ac_ct_CXX='g++'
ac_ct_F77=''
ac_ct_RANLIB='ranlib'
ac_ct_STRIP='strip'
am__include='include'
am__quote=''
bindir='${exec_prefix}/bin'
build='i386-apple-darwin8.8.1'
build_alias=''
build_cpu='i386'
build_os='darwin8.8.1'
build_vendor='apple'
datadir='${prefix}/share'
exec_prefix='${prefix}'
host='i386-apple-darwin8.8.1'
host_alias=''
host_cpu='i386'
host_os='darwin8.8.1'
host_vendor='apple'
includedir='${prefix}/include'
infodir='${prefix}/info'
install_sh='/Users/dvmorris/topmod/trunk/include/config/install-sh'
libdir='${exec_prefix}/lib'
libexecdir='${exec_prefix}/libexec'
localstatedir='${prefix}/var'
mandir='${prefix}/man'
oldincludedir='/usr/include'
prefix='/usr/local'
program_transform_name='s,x,x,'
sbindir='${exec_prefix}/sbin'
sharedstatedir='${prefix}/com'
sysconfdir='${prefix}/etc'
target_alias=''

## ----------- ##
## confdefs.h. ##
## ----------- ##

#define HAVE_DLFCN_H 1
#define HAVE_INTTYPES_H 1
#define HAVE_MEMORY_H 1
#define HAVE_STDINT_H 1
#define HAVE_STDLIB_H 1
#define HAVE_STRINGS_H 1
#define HAVE_STRING_H 1
#define HAVE_SYS_STAT_H 1
#define HAVE_SYS_TYPES_H 1
#define HAVE_UNISTD_H 1
#define PACKAGE "topmodlibs"
#define PACKAGE_BUGREPORT "topmod@googlegroups.com"
#define PACKAGE_NAME "topmodlibs"
#define PACKAGE_STRING "topmodlibs 2.0.0"
#define PACKAGE_TARNAME "topmodlibs"
#define PACKAGE_VERSION "2.0.0"
#define STDC_HEADERS 1
#define STDC_HEADERS 1
#define VERSION "2.0.0"
#endif
#ifdef __cplusplus
extern "C" void std::exit (int); using std::exit;

configure: exit 0

## ---------------------- ##
## Running config.status. ##
## ---------------------- ##

This file was extended by topmodlibs config.status 2.0.0, which was
generated by GNU Autoconf 2.59.  Invocation command line was

  CONFIG_FILES    = 
  CONFIG_HEADERS  = 
  CONFIG_LINKS    = 
  CONFIG_COMMANDS = 
  $ ./config.status vecmat/Makefile depfiles

on dvmorris.local

config.status:700: creating vecmat/Makefile
config.status:883: executing depfiles commands

## ---------------------- ##
## Running config.status. ##
## ---------------------- ##

This file was extended by topmodlibs config.status 2.0.0, which was
generated by GNU Autoconf 2.59.  Invocation command line was

  CONFIG_FILES    = 
  CONFIG_HEADERS  = 
  CONFIG_LINKS    = 
  CONFIG_COMMANDS = 
  $ ./config.status arcball/Makefile depfiles

on dvmorris.local

config.status:700: creating arcball/Makefile
config.status:883: executing depfiles commands
